0 info it worked if it ends with ok
1 verbose cli [ 'C:\\Program Files\\nodejs\\node.exe',
1 verbose cli   'C:\\Program Files\\nodejs\\node_modules\\npm\\bin\\npm-cli.js',
1 verbose cli   'install',
1 verbose cli   '-g',
1 verbose cli   '–production',
1 verbose cli   'windows-build-tools' ]
2 info using npm@3.10.10
3 info using node@v6.10.1
4 error arg Argument starts with non-ascii dash, this is probably invalid: [ '–production', 'windows-build-tools' ]
5 silly loadCurrentTree Starting
6 silly install loadCurrentTree
7 silly install readGlobalPackageData
8 silly fetchPackageMetaData –production
9 silly fetchPackageMetaData windows-build-tools
10 silly fetchOtherPackageData –production
11 silly cache add args [ '–production', null ]
12 verbose cache add spec –production
13 silly fetchNamedPackageData windows-build-tools
14 silly mapToRegistry name windows-build-tools
15 silly mapToRegistry using default registry
16 silly mapToRegistry registry https://registry.npmjs.org/
17 silly mapToRegistry data Result {
17 silly mapToRegistry   raw: 'windows-build-tools',
17 silly mapToRegistry   scope: null,
17 silly mapToRegistry   escapedName: 'windows-build-tools',
17 silly mapToRegistry   name: 'windows-build-tools',
17 silly mapToRegistry   rawSpec: '',
17 silly mapToRegistry   spec: 'latest',
17 silly mapToRegistry   type: 'tag' }
18 silly mapToRegistry uri https://registry.npmjs.org/windows-build-tools
19 silly cache add parsed spec Result {
19 silly cache add   raw: '–production',
19 silly cache add   scope: null,
19 silly cache add   escapedName: null,
19 silly cache add   name: null,
19 silly cache add   rawSpec: '–production',
19 silly cache add   spec: 'C:\\Users\\Asus\\Source\\Repos\\Blockchain-Course-Geth\\–production',
19 silly cache add   type: 'local' }
20 verbose request uri https://registry.npmjs.org/windows-build-tools
21 verbose request no auth needed
22 info attempt registry request try #1 at 20:42:51
23 verbose request id 173052a0f8405cc6
24 http request GET https://registry.npmjs.org/windows-build-tools
25 error addLocal Could not install C:\Users\Asus\Source\Repos\Blockchain-Course-Geth\–production
26 silly fetchPackageMetaData Error: ENOENT: no such file or directory, open 'C:\Users\Asus\Source\Repos\Blockchain-Course-Geth\–production'
26 silly fetchPackageMetaData     at Error (native)
26 silly fetchPackageMetaData  error for –production { Error: ENOENT: no such file or directory, open 'C:\Users\Asus\Source\Repos\Blockchain-Course-Geth\–production'
26 silly fetchPackageMetaData     at Error (native)
26 silly fetchPackageMetaData   errno: -4058,
26 silly fetchPackageMetaData   code: 'ENOENT',
26 silly fetchPackageMetaData   syscall: 'open',
26 silly fetchPackageMetaData   path: 'C:\\Users\\Asus\\Source\\Repos\\Blockchain-Course-Geth\\–production' }
27 info retry will retry, error on last attempt: TypeError: The header content contains invalid characters
28 info attempt registry request try #2 at 20:43:01
29 http request GET https://registry.npmjs.org/windows-build-tools
30 info retry will retry, error on last attempt: TypeError: The header content contains invalid characters
31 info attempt registry request try #3 at 20:44:01
32 http request GET https://registry.npmjs.org/windows-build-tools
33 silly fetchPackageMetaData TypeError: The header content contains invalid characters
33 silly fetchPackageMetaData     at ClientRequest.OutgoingMessage.setHeader (_http_outgoing.js:360:11)
33 silly fetchPackageMetaData     at new ClientRequest (_http_client.js:85:14)
33 silly fetchPackageMetaData     at Object.exports.request (http.js:31:10)
33 silly fetchPackageMetaData     at Object.exports.request (https.js:199:15)
33 silly fetchPackageMetaData     at Request.start (C:\Program Files\nodejs\node_modules\npm\node_modules\request\request.js:740:32)
33 silly fetchPackageMetaData     at Request.end (C:\Program Files\nodejs\node_modules\npm\node_modules\request\request.js:1398:10)
33 silly fetchPackageMetaData     at end (C:\Program Files\nodejs\node_modules\npm\node_modules\request\request.js:567:14)
33 silly fetchPackageMetaData     at Immediate.<anonymous> (C:\Program Files\nodejs\node_modules\npm\node_modules\request\request.js:581:7)
33 silly fetchPackageMetaData     at runCallback (timers.js:666:20)
33 silly fetchPackageMetaData     at tryOnImmediate (timers.js:639:5)
33 silly fetchPackageMetaData  error for windows-build-tools TypeError: The header content contains invalid characters
33 silly fetchPackageMetaData     at ClientRequest.OutgoingMessage.setHeader (_http_outgoing.js:360:11)
33 silly fetchPackageMetaData     at new ClientRequest (_http_client.js:85:14)
33 silly fetchPackageMetaData     at Object.exports.request (http.js:31:10)
33 silly fetchPackageMetaData     at Object.exports.request (https.js:199:15)
33 silly fetchPackageMetaData     at Request.start (C:\Program Files\nodejs\node_modules\npm\node_modules\request\request.js:740:32)
33 silly fetchPackageMetaData     at Request.end (C:\Program Files\nodejs\node_modules\npm\node_modules\request\request.js:1398:10)
33 silly fetchPackageMetaData     at end (C:\Program Files\nodejs\node_modules\npm\node_modules\request\request.js:567:14)
33 silly fetchPackageMetaData     at Immediate.<anonymous> (C:\Program Files\nodejs\node_modules\npm\node_modules\request\request.js:581:7)
33 silly fetchPackageMetaData     at runCallback (timers.js:666:20)
33 silly fetchPackageMetaData     at tryOnImmediate (timers.js:639:5)
34 silly rollbackFailedOptional Starting
35 silly rollbackFailedOptional Finishing
36 silly runTopLevelLifecycles Finishing
37 silly install printInstalled
38 verbose stack Error: ENOENT: no such file or directory, open 'C:\Users\Asus\Source\Repos\Blockchain-Course-Geth\–production'
38 verbose stack     at Error (native)
39 verbose cwd C:\Users\Asus\Source\Repos\Blockchain-Course-Geth
40 error Windows_NT 10.0.15063
41 error argv "C:\\Program Files\\nodejs\\node.exe" "C:\\Program Files\\nodejs\\node_modules\\npm\\bin\\npm-cli.js" "install" "-g" "–production" "windows-build-tools"
42 error node v6.10.1
43 error npm  v3.10.10
44 error path C:\Users\Asus\Source\Repos\Blockchain-Course-Geth\–production
45 error code ENOENT
46 error errno -4058
47 error syscall open
48 error enoent ENOENT: no such file or directory, open 'C:\Users\Asus\Source\Repos\Blockchain-Course-Geth\–production'
49 error enoent ENOENT: no such file or directory, open 'C:\Users\Asus\Source\Repos\Blockchain-Course-Geth\–production'
49 error enoent This is most likely not a problem with npm itself
49 error enoent and is related to npm not being able to find a file.
50 verbose exit [ -4058, true ]
